2023-02-24 22:09:47,032 - mmrotate - INFO - Environment info:
------------------------------------------------------------
sys.platform: linux
Python: 3.8.13 | packaged by conda-forge | (default, Mar 25 2022, 06:04:18) [GCC 10.3.0]
CUDA available: True
GPU 0,1: NVIDIA GeForce RTX 3090 Ti
CUDA_HOME: /usr/local/cuda
NVCC: Cuda compilation tools, release 11.8, V11.8.89
GCC: gcc (Ubuntu 9.4.0-1ubuntu1~20.04.1) 9.4.0
PyTorch: 1.11.0+cu113
PyTorch compiling details: PyTorch built with:
  - GCC 7.3
  - C++ Version: 201402
  - Intel(R) Math Kernel Library Version 2020.0.0 Product Build 20191122 for Intel(R) 64 architecture applications
  - Intel(R) MKL-DNN v2.5.2 (Git Hash a9302535553c73243c632ad3c4c80beec3d19a1e)
  - OpenMP 201511 (a.k.a. OpenMP 4.5)
  - LAPACK is enabled (usually provided by MKL)
  - NNPACK is enabled
  - CPU capability usage: AVX2
  - CUDA Runtime 11.3
  - NVCC architecture flags: -gencode;arch=compute_37,code=sm_37;-gencode;arch=compute_50,code=sm_50;-gencode;arch=compute_60,code=sm_60;-gencode;arch=compute_70,code=sm_70;-gencode;arch=compute_75,code=sm_75;-gencode;arch=compute_80,code=sm_80;-gencode;arch=compute_86,code=sm_86
  - CuDNN 8.2
  - Magma 2.5.2
  - Build settings: BLAS_INFO=mkl, BUILD_TYPE=Release, CUDA_VERSION=11.3, CUDNN_VERSION=8.2.0, CXX_COMPILER=/opt/rh/devtoolset-7/root/usr/bin/c++, CXX_FLAGS= -Wno-deprecated -fvisibility-inlines-hidden -DUSE_PTHREADPOOL -fopenmp -DNDEBUG -DUSE_KINETO -DUSE_FBGEMM -DUSE_QNNPACK -DUSE_PYTORCH_QNNPACK -DUSE_XNNPACK -DSYMBOLICATE_MOBILE_DEBUG_HANDLE -DEDGE_PROFILER_USE_KINETO -O2 -fPIC -Wno-narrowing -Wall -Wextra -Werror=return-type -Wno-missing-field-initializers -Wno-type-limits -Wno-array-bounds -Wno-unknown-pragmas -Wno-sign-compare -Wno-unused-parameter -Wno-unused-function -Wno-unused-result -Wno-unused-local-typedefs -Wno-strict-overflow -Wno-strict-aliasing -Wno-error=deprecated-declarations -Wno-stringop-overflow -Wno-psabi -Wno-error=pedantic -Wno-error=redundant-decls -Wno-error=old-style-cast -fdiagnostics-color=always -faligned-new -Wno-unused-but-set-variable -Wno-maybe-uninitialized -fno-math-errno -fno-trapping-math -Werror=format -Wno-stringop-overflow, LAPACK_INFO=mkl, PERF_WITH_AVX=1, PERF_WITH_AVX2=1, PERF_WITH_AVX512=1, TORCH_VERSION=1.11.0, USE_CUDA=ON, USE_CUDNN=ON, USE_EXCEPTION_PTR=1, USE_GFLAGS=OFF, USE_GLOG=OFF, USE_MKL=ON, USE_MKLDNN=OFF, USE_MPI=OFF, USE_NCCL=ON, USE_NNPACK=ON, USE_OPENMP=ON, USE_ROCM=OFF, 

TorchVision: 0.12.0+cu113
OpenCV: 4.6.0
MMCV: 1.6.0
MMCV Compiler: GCC 9.3
MMCV CUDA Compiler: 11.3
MMRotate: 0.3.2+c62f148
------------------------------------------------------------

2023-02-24 22:09:47,248 - mmrotate - INFO - Distributed training: True
2023-02-24 22:09:47,444 - mmrotate - INFO - Set random seed to 0, deterministic: False
2023-02-24 22:10:09,713 - mmrotate - INFO - workflow: [('train', 1)], max: 36 epochs
2023-02-24 22:10:36,043 - mmrotate - INFO - Epoch [1][50/155]	lr: 1.993e-03, eta: 0:48:28, time: 0.526, data_time: 0.155, memory: 5599, loss_rpn_cls: 0.3678, loss_rpn_bbox: 0.0628, s0.loss_cls: 0.2786, s0.acc: 94.3975, s0.loss_bbox: 0.2550, s1.loss_cls: 0.1736, s1.acc: 96.7041, s1.loss_bbox: 0.0209, loss: 1.1587, grad_norm: 8.4275
2023-02-24 22:10:54,051 - mmrotate - INFO - Epoch [1][100/155]	lr: 2.327e-03, eta: 0:40:28, time: 0.360, data_time: 0.004, memory: 5860, loss_rpn_cls: 0.1342, loss_rpn_bbox: 0.0669, s0.loss_cls: 0.1967, s0.acc: 95.4639, s0.loss_bbox: 0.2546, s1.loss_cls: 0.0538, s1.acc: 99.0615, s1.loss_bbox: 0.0316, loss: 0.7378, grad_norm: 3.3588
2023-02-24 22:11:11,858 - mmrotate - INFO - Epoch [1][150/155]	lr: 2.660e-03, eta: 0:37:28, time: 0.356, data_time: 0.004, memory: 5860, loss_rpn_cls: 0.0655, loss_rpn_bbox: 0.0579, s0.loss_cls: 0.2163, s0.acc: 94.5078, s0.loss_bbox: 0.2474, s1.loss_cls: 0.0581, s1.acc: 98.7109, s1.loss_bbox: 0.0622, loss: 0.7074, grad_norm: 3.8305
2023-02-24 22:11:39,641 - mmrotate - INFO - Epoch [2][50/155]	lr: 3.027e-03, eta: 0:38:21, time: 0.513, data_time: 0.131, memory: 5860, loss_rpn_cls: 0.0472, loss_rpn_bbox: 0.0529, s0.loss_cls: 0.2197, s0.acc: 94.3555, s0.loss_bbox: 0.2178, s1.loss_cls: 0.0806, s1.acc: 97.8027, s1.loss_bbox: 0.1213, loss: 0.7394, grad_norm: 4.0579
2023-02-24 22:11:57,387 - mmrotate - INFO - Epoch [2][100/155]	lr: 3.360e-03, eta: 0:36:43, time: 0.355, data_time: 0.004, memory: 5860, loss_rpn_cls: 0.0491, loss_rpn_bbox: 0.0525, s0.loss_cls: 0.2404, s0.acc: 93.9346, s0.loss_bbox: 0.2139, s1.loss_cls: 0.0829, s1.acc: 97.3857, s1.loss_bbox: 0.1454, loss: 0.7842, grad_norm: 4.3346
2023-02-24 22:12:15,240 - mmrotate - INFO - Epoch [2][150/155]	lr: 3.693e-03, eta: 0:35:33, time: 0.357, data_time: 0.004, memory: 5860, loss_rpn_cls: 0.0416, loss_rpn_bbox: 0.0538, s0.loss_cls: 0.2063, s0.acc: 93.8535, s0.loss_bbox: 0.1999, s1.loss_cls: 0.1011, s1.acc: 96.6494, s1.loss_bbox: 0.1810, loss: 0.7836, grad_norm: 4.3246
2023-02-24 22:12:43,264 - mmrotate - INFO - Epoch [3][50/155]	lr: 4.060e-03, eta: 0:36:03, time: 0.517, data_time: 0.122, memory: 5860, loss_rpn_cls: 0.0301, loss_rpn_bbox: 0.0456, s0.loss_cls: 0.2144, s0.acc: 93.6748, s0.loss_bbox: 0.1923, s1.loss_cls: 0.0982, s1.acc: 96.4512, s1.loss_bbox: 0.1892, loss: 0.7698, grad_norm: 4.2703
2023-02-24 22:13:01,290 - mmrotate - INFO - Epoch [3][100/155]	lr: 4.393e-03, eta: 0:35:08, time: 0.361, data_time: 0.004, memory: 5860, loss_rpn_cls: 0.0270, loss_rpn_bbox: 0.0428, s0.loss_cls: 0.1683, s0.acc: 94.2334, s0.loss_bbox: 0.2245, s1.loss_cls: 0.1140, s1.acc: 95.7988, s1.loss_bbox: 0.2210, loss: 0.7976, grad_norm: 4.6567
2023-02-24 22:13:18,943 - mmrotate - INFO - Epoch [3][150/155]	lr: 4.727e-03, eta: 0:34:17, time: 0.353, data_time: 0.004, memory: 5860, loss_rpn_cls: 0.0360, loss_rpn_bbox: 0.0588, s0.loss_cls: 0.1746, s0.acc: 94.2256, s0.loss_bbox: 0.2888, s1.loss_cls: 0.0909, s1.acc: 96.7296, s1.loss_bbox: 0.1661, loss: 0.8151, grad_norm: 4.2170
2023-02-24 22:13:47,068 - mmrotate - INFO - Epoch [4][50/155]	lr: 5.000e-03, eta: 0:34:33, time: 0.520, data_time: 0.129, memory: 5860, loss_rpn_cls: 0.0248, loss_rpn_bbox: 0.0427, s0.loss_cls: 0.1612, s0.acc: 94.2061, s0.loss_bbox: 0.1736, s1.loss_cls: 0.1256, s1.acc: 95.0523, s1.loss_bbox: 0.2465, loss: 0.7745, grad_norm: 4.3564
2023-02-24 22:14:05,132 - mmrotate - INFO - Epoch [4][100/155]	lr: 5.000e-03, eta: 0:33:51, time: 0.361, data_time: 0.004, memory: 5860, loss_rpn_cls: 0.0261, loss_rpn_bbox: 0.0412, s0.loss_cls: 0.1551, s0.acc: 94.6318, s0.loss_bbox: 0.1842, s1.loss_cls: 0.1176, s1.acc: 95.1755, s1.loss_bbox: 0.2375, loss: 0.7617, grad_norm: 4.2519
2023-02-24 22:14:22,976 - mmrotate - INFO - Epoch [4][150/155]	lr: 5.000e-03, eta: 0:33:12, time: 0.357, data_time: 0.004, memory: 5860, loss_rpn_cls: 0.0219, loss_rpn_bbox: 0.0408, s0.loss_cls: 0.1653, s0.acc: 94.0068, s0.loss_bbox: 0.1706, s1.loss_cls: 0.1250, s1.acc: 94.8955, s1.loss_bbox: 0.2294, loss: 0.7530, grad_norm: 4.6653
2023-02-24 22:14:51,078 - mmrotate - INFO - Epoch [5][50/155]	lr: 5.000e-03, eta: 0:33:18, time: 0.519, data_time: 0.129, memory: 5860, loss_rpn_cls: 0.0210, loss_rpn_bbox: 0.0377, s0.loss_cls: 0.1561, s0.acc: 94.0352, s0.loss_bbox: 0.1807, s1.loss_cls: 0.1270, s1.acc: 94.6044, s1.loss_bbox: 0.2441, loss: 0.7666, grad_norm: 5.1227
2023-02-24 22:15:08,939 - mmrotate - INFO - Epoch [5][100/155]	lr: 5.000e-03, eta: 0:32:41, time: 0.357, data_time: 0.005, memory: 5860, loss_rpn_cls: 0.0206, loss_rpn_bbox: 0.0387, s0.loss_cls: 0.1573, s0.acc: 93.9795, s0.loss_bbox: 0.2195, s1.loss_cls: 0.1263, s1.acc: 94.8127, s1.loss_bbox: 0.2391, loss: 0.8016, grad_norm: 4.7371
2023-02-24 22:15:27,485 - mmrotate - INFO - Epoch [5][150/155]	lr: 5.000e-03, eta: 0:32:11, time: 0.371, data_time: 0.004, memory: 5860, loss_rpn_cls: 0.0197, loss_rpn_bbox: 0.0401, s0.loss_cls: 0.1332, s0.acc: 94.8613, s0.loss_bbox: 0.1504, s1.loss_cls: 0.1402, s1.acc: 94.2107, s1.loss_bbox: 0.2632, loss: 0.7467, grad_norm: 4.8138
2023-02-24 22:15:55,637 - mmrotate - INFO - Epoch [6][50/155]	lr: 5.000e-03, eta: 0:32:11, time: 0.521, data_time: 0.131, memory: 5860, loss_rpn_cls: 0.0159, loss_rpn_bbox: 0.0301, s0.loss_cls: 0.1387, s0.acc: 94.7158, s0.loss_bbox: 0.1384, s1.loss_cls: 0.1445, s1.acc: 94.0206, s1.loss_bbox: 0.3021, loss: 0.7697, grad_norm: 4.9064
2023-02-24 22:16:13,406 - mmrotate - INFO - Epoch [6][100/155]	lr: 5.000e-03, eta: 0:31:37, time: 0.355, data_time: 0.004, memory: 5860, loss_rpn_cls: 0.0191, loss_rpn_bbox: 0.0417, s0.loss_cls: 0.1453, s0.acc: 94.4775, s0.loss_bbox: 0.1924, s1.loss_cls: 0.1276, s1.acc: 94.6431, s1.loss_bbox: 0.2432, loss: 0.7693, grad_norm: 5.0101
2023-02-24 22:16:31,136 - mmrotate - INFO - Epoch [6][150/155]	lr: 5.000e-03, eta: 0:31:05, time: 0.355, data_time: 0.004, memory: 5860, loss_rpn_cls: 0.0165, loss_rpn_bbox: 0.0287, s0.loss_cls: 0.1478, s0.acc: 94.3574, s0.loss_bbox: 0.1708, s1.loss_cls: 0.1378, s1.acc: 94.1456, s1.loss_bbox: 0.2557, loss: 0.7572, grad_norm: 5.4316
2023-02-24 22:16:58,888 - mmrotate - INFO - Epoch [7][50/155]	lr: 5.000e-03, eta: 0:31:00, time: 0.512, data_time: 0.125, memory: 5860, loss_rpn_cls: 0.0132, loss_rpn_bbox: 0.0275, s0.loss_cls: 0.1298, s0.acc: 95.1289, s0.loss_bbox: 0.1564, s1.loss_cls: 0.1244, s1.acc: 94.7681, s1.loss_bbox: 0.2198, loss: 0.6711, grad_norm: 4.7824
2023-02-24 22:17:16,482 - mmrotate - INFO - Epoch [7][100/155]	lr: 5.000e-03, eta: 0:30:28, time: 0.352, data_time: 0.004, memory: 5860, loss_rpn_cls: 0.0163, loss_rpn_bbox: 0.0389, s0.loss_cls: 0.1472, s0.acc: 94.2988, s0.loss_bbox: 0.1806, s1.loss_cls: 0.1156, s1.acc: 95.2302, s1.loss_bbox: 0.2031, loss: 0.7018, grad_norm: 4.6192
2023-02-24 22:17:34,091 - mmrotate - INFO - Epoch [7][150/155]	lr: 5.000e-03, eta: 0:29:57, time: 0.352, data_time: 0.004, memory: 5860, loss_rpn_cls: 0.0157, loss_rpn_bbox: 0.0287, s0.loss_cls: 0.1347, s0.acc: 94.6719, s0.loss_bbox: 0.1389, s1.loss_cls: 0.1321, s1.acc: 94.4794, s1.loss_bbox: 0.2623, loss: 0.7123, grad_norm: 4.7189
2023-02-24 22:18:01,944 - mmrotate - INFO - Epoch [8][50/155]	lr: 5.000e-03, eta: 0:29:50, time: 0.514, data_time: 0.125, memory: 5860, loss_rpn_cls: 0.0128, loss_rpn_bbox: 0.0282, s0.loss_cls: 0.1240, s0.acc: 95.0186, s0.loss_bbox: 0.1127, s1.loss_cls: 0.1427, s1.acc: 94.0775, s1.loss_bbox: 0.2563, loss: 0.6766, grad_norm: 4.8594
2023-02-24 22:18:20,611 - mmrotate - INFO - Epoch [8][100/155]	lr: 5.000e-03, eta: 0:29:24, time: 0.373, data_time: 0.004, memory: 5860, loss_rpn_cls: 0.0115, loss_rpn_bbox: 0.0257, s0.loss_cls: 0.1232, s0.acc: 95.2568, s0.loss_bbox: 0.1145, s1.loss_cls: 0.1359, s1.acc: 94.2734, s1.loss_bbox: 0.2848, loss: 0.6956, grad_norm: 5.1737
2023-02-24 22:18:40,072 - mmrotate - INFO - Epoch [8][150/155]	lr: 5.000e-03, eta: 0:29:02, time: 0.389, data_time: 0.004, memory: 5860, loss_rpn_cls: 0.0126, loss_rpn_bbox: 0.0234, s0.loss_cls: 0.1322, s0.acc: 94.8330, s0.loss_bbox: 0.1237, s1.loss_cls: 0.1245, s1.acc: 94.8608, s1.loss_bbox: 0.2525, loss: 0.6689, grad_norm: 4.7712
2023-02-24 22:19:08,668 - mmrotate - INFO - Epoch [9][50/155]	lr: 5.000e-03, eta: 0:28:55, time: 0.529, data_time: 0.143, memory: 5860, loss_rpn_cls: 0.0095, loss_rpn_bbox: 0.0272, s0.loss_cls: 0.1169, s0.acc: 95.2822, s0.loss_bbox: 0.1054, s1.loss_cls: 0.1178, s1.acc: 94.8881, s1.loss_bbox: 0.2272, loss: 0.6039, grad_norm: 4.5600
2023-02-24 22:19:27,154 - mmrotate - INFO - Epoch [9][100/155]	lr: 5.000e-03, eta: 0:28:29, time: 0.370, data_time: 0.004, memory: 5860, loss_rpn_cls: 0.0119, loss_rpn_bbox: 0.0259, s0.loss_cls: 0.1172, s0.acc: 95.3008, s0.loss_bbox: 0.1383, s1.loss_cls: 0.1258, s1.acc: 94.5884, s1.loss_bbox: 0.2582, loss: 0.6774, grad_norm: 5.5894
2023-02-24 22:19:44,793 - mmrotate - INFO - Epoch [9][150/155]	lr: 5.000e-03, eta: 0:28:01, time: 0.353, data_time: 0.003, memory: 5860, loss_rpn_cls: 0.0116, loss_rpn_bbox: 0.0305, s0.loss_cls: 0.1342, s0.acc: 94.5918, s0.loss_bbox: 0.1443, s1.loss_cls: 0.1186, s1.acc: 94.9330, s1.loss_bbox: 0.2335, loss: 0.6727, grad_norm: 5.0027
2023-02-24 22:20:13,238 - mmrotate - INFO - Epoch [10][50/155]	lr: 5.000e-03, eta: 0:27:51, time: 0.526, data_time: 0.126, memory: 5860, loss_rpn_cls: 0.0111, loss_rpn_bbox: 0.0317, s0.loss_cls: 0.1162, s0.acc: 95.3203, s0.loss_bbox: 0.1547, s1.loss_cls: 0.1032, s1.acc: 95.6313, s1.loss_bbox: 0.2203, loss: 0.6372, grad_norm: 4.7217
2023-02-24 22:20:31,323 - mmrotate - INFO - Epoch [10][100/155]	lr: 5.000e-03, eta: 0:27:25, time: 0.362, data_time: 0.004, memory: 5860, loss_rpn_cls: 0.0086, loss_rpn_bbox: 0.0238, s0.loss_cls: 0.1072, s0.acc: 95.8115, s0.loss_bbox: 0.1305, s1.loss_cls: 0.0999, s1.acc: 95.8503, s1.loss_bbox: 0.1862, loss: 0.5561, grad_norm: 4.1132
2023-02-24 22:20:49,412 - mmrotate - INFO - Epoch [10][150/155]	lr: 5.000e-03, eta: 0:27:00, time: 0.362, data_time: 0.004, memory: 5860, loss_rpn_cls: 0.0114, loss_rpn_bbox: 0.0234, s0.loss_cls: 0.1234, s0.acc: 94.9756, s0.loss_bbox: 0.0989, s1.loss_cls: 0.1197, s1.acc: 94.9732, s1.loss_bbox: 0.2258, loss: 0.6025, grad_norm: 4.7738
2023-02-24 22:21:18,361 - mmrotate - INFO - Epoch [11][50/155]	lr: 5.000e-03, eta: 0:26:49, time: 0.535, data_time: 0.138, memory: 5860, loss_rpn_cls: 0.0096, loss_rpn_bbox: 0.0205, s0.loss_cls: 0.1086, s0.acc: 95.5205, s0.loss_bbox: 0.1034, s1.loss_cls: 0.1029, s1.acc: 95.7635, s1.loss_bbox: 0.2044, loss: 0.5494, grad_norm: 4.3052
2023-02-24 22:21:36,796 - mmrotate - INFO - Epoch [11][100/155]	lr: 5.000e-03, eta: 0:26:25, time: 0.369, data_time: 0.004, memory: 5860, loss_rpn_cls: 0.0091, loss_rpn_bbox: 0.0226, s0.loss_cls: 0.1065, s0.acc: 95.5723, s0.loss_bbox: 0.1245, s1.loss_cls: 0.1180, s1.acc: 95.0240, s1.loss_bbox: 0.2216, loss: 0.6024, grad_norm: 4.6438
2023-02-24 22:21:55,369 - mmrotate - INFO - Epoch [11][150/155]	lr: 5.000e-03, eta: 0:26:01, time: 0.371, data_time: 0.004, memory: 5860, loss_rpn_cls: 0.0085, loss_rpn_bbox: 0.0207, s0.loss_cls: 0.0941, s0.acc: 96.0869, s0.loss_bbox: 0.1348, s1.loss_cls: 0.0963, s1.acc: 95.8658, s1.loss_bbox: 0.1896, loss: 0.5440, grad_norm: 4.5115
2023-02-24 22:22:24,577 - mmrotate - INFO - Epoch [12][50/155]	lr: 5.000e-03, eta: 0:25:49, time: 0.541, data_time: 0.138, memory: 5860, loss_rpn_cls: 0.0087, loss_rpn_bbox: 0.0190, s0.loss_cls: 0.0962, s0.acc: 95.9912, s0.loss_bbox: 0.1146, s1.loss_cls: 0.0915, s1.acc: 96.3283, s1.loss_bbox: 0.1891, loss: 0.5190, grad_norm: 4.0591
2023-02-24 22:22:43,350 - mmrotate - INFO - Epoch [12][100/155]	lr: 5.000e-03, eta: 0:25:26, time: 0.375, data_time: 0.004, memory: 5860, loss_rpn_cls: 0.0080, loss_rpn_bbox: 0.0209, s0.loss_cls: 0.0865, s0.acc: 96.4297, s0.loss_bbox: 0.1076, s1.loss_cls: 0.0829, s1.acc: 96.6656, s1.loss_bbox: 0.1825, loss: 0.4885, grad_norm: 4.1017
2023-02-24 22:23:02,594 - mmrotate - INFO - Epoch [12][150/155]	lr: 5.000e-03, eta: 0:25:04, time: 0.385, data_time: 0.004, memory: 5860, loss_rpn_cls: 0.0097, loss_rpn_bbox: 0.0253, s0.loss_cls: 0.1010, s0.acc: 95.9014, s0.loss_bbox: 0.0778, s1.loss_cls: 0.0928, s1.acc: 96.1482, s1.loss_bbox: 0.1900, loss: 0.4967, grad_norm: 4.1862
2023-02-24 22:23:04,860 - mmrotate - INFO - Saving checkpoint at 12 epochs
2023-02-24 22:23:30,918 - mmrotate - INFO - 
+-------+------+------+--------+-------+
| class | gts  | dets | recall | ap    |
+-------+------+------+--------+-------+
| ship  | 1228 | 1557 | 0.974  | 0.902 |
+-------+------+------+--------+-------+
| mAP   |      |      |        | 0.902 |
+-------+------+------+--------+-------+
2023-02-24 22:23:32,768 - mmrotate - INFO - 
+-------+------+------+--------+-------+
| class | gts  | dets | recall | ap    |
+-------+------+------+--------+-------+
| ship  | 1228 | 1557 | 0.968  | 0.901 |
+-------+------+------+--------+-------+
| mAP   |      |      |        | 0.901 |
+-------+------+------+--------+-------+
2023-02-24 22:23:34,563 - mmrotate - INFO - 
+-------+------+------+--------+-------+
| class | gts  | dets | recall | ap    |
+-------+------+------+--------+-------+
| ship  | 1228 | 1557 | 0.957  | 0.899 |
+-------+------+------+--------+-------+
| mAP   |      |      |        | 0.899 |
+-------+------+------+--------+-------+
2023-02-24 22:23:37,076 - mmrotate - INFO - 
+-------+------+------+--------+-------+
| class | gts  | dets | recall | ap    |
+-------+------+------+--------+-------+
| ship  | 1228 | 1557 | 0.939  | 0.894 |
+-------+------+------+--------+-------+
| mAP   |      |      |        | 0.894 |
+-------+------+------+--------+-------+
2023-02-24 22:23:38,715 - mmrotate - INFO - 
+-------+------+------+--------+-------+
| class | gts  | dets | recall | ap    |
+-------+------+------+--------+-------+
| ship  | 1228 | 1557 | 0.909  | 0.880 |
+-------+------+------+--------+-------+
| mAP   |      |      |        | 0.880 |
+-------+------+------+--------+-------+
2023-02-24 22:23:40,381 - mmrotate - INFO - 
+-------+------+------+--------+-------+
| class | gts  | dets | recall | ap    |
+-------+------+------+--------+-------+
| ship  | 1228 | 1557 | 0.855  | 0.788 |
+-------+------+------+--------+-------+
| mAP   |      |      |        | 0.788 |
+-------+------+------+--------+-------+
2023-02-24 22:23:42,045 - mmrotate - INFO - 
+-------+------+------+--------+-------+
| class | gts  | dets | recall | ap    |
+-------+------+------+--------+-------+
| ship  | 1228 | 1557 | 0.744  | 0.671 |
+-------+------+------+--------+-------+
| mAP   |      |      |        | 0.671 |
+-------+------+------+--------+-------+
2023-02-24 22:23:43,719 - mmrotate - INFO - 
+-------+------+------+--------+-------+
| class | gts  | dets | recall | ap    |
+-------+------+------+--------+-------+
| ship  | 1228 | 1557 | 0.523  | 0.412 |
+-------+------+------+--------+-------+
| mAP   |      |      |        | 0.412 |
+-------+------+------+--------+-------+
2023-02-24 22:23:45,365 - mmrotate - INFO - 
+-------+------+------+--------+-------+
| class | gts  | dets | recall | ap    |
+-------+------+------+--------+-------+
| ship  | 1228 | 1557 | 0.200  | 0.119 |
+-------+------+------+--------+-------+
| mAP   |      |      |        | 0.119 |
+-------+------+------+--------+-------+
2023-02-24 22:23:47,037 - mmrotate - INFO - 
+-------+------+------+--------+-------+
| class | gts  | dets | recall | ap    |
+-------+------+------+--------+-------+
| ship  | 1228 | 1557 | 0.017  | 0.091 |
+-------+------+------+--------+-------+
| mAP   |      |      |        | 0.091 |
+-------+------+------+--------+-------+
2023-02-24 22:23:47,060 - mmrotate - INFO - Epoch(val) [12][227]	mAP: 0.6557, AP50: 0.9020, AP55: 0.9010, AP60: 0.8990, AP65: 0.8940, AP70: 0.8800, AP75: 0.7880, AP80: 0.6710, AP85: 0.4120, AP90: 0.1190, AP95: 0.0910
2023-02-24 22:24:10,928 - mmrotate - INFO - Epoch [13][50/155]	lr: 5.000e-03, eta: 0:24:45, time: 0.476, data_time: 0.122, memory: 5860, loss_rpn_cls: 0.0093, loss_rpn_bbox: 0.0224, s0.loss_cls: 0.0944, s0.acc: 96.1191, s0.loss_bbox: 0.1019, s1.loss_cls: 0.0898, s1.acc: 96.2286, s1.loss_bbox: 0.2042, loss: 0.5219, grad_norm: 4.4757
2023-02-24 22:24:29,597 - mmrotate - INFO - Epoch [13][100/155]	lr: 5.000e-03, eta: 0:24:22, time: 0.373, data_time: 0.004, memory: 5860, loss_rpn_cls: 0.0085, loss_rpn_bbox: 0.0215, s0.loss_cls: 0.0848, s0.acc: 96.4912, s0.loss_bbox: 0.1151, s1.loss_cls: 0.0955, s1.acc: 95.9209, s1.loss_bbox: 0.1897, loss: 0.5151, grad_norm: 4.3275
2023-02-24 22:24:47,461 - mmrotate - INFO - Epoch [13][150/155]	lr: 5.000e-03, eta: 0:23:57, time: 0.357, data_time: 0.004, memory: 5860, loss_rpn_cls: 0.0064, loss_rpn_bbox: 0.0185, s0.loss_cls: 0.0889, s0.acc: 96.3379, s0.loss_bbox: 0.1062, s1.loss_cls: 0.0852, s1.acc: 96.4839, s1.loss_bbox: 0.1823, loss: 0.4875, grad_norm: 4.4812
2023-02-24 22:25:16,294 - mmrotate - INFO - Epoch [14][50/155]	lr: 5.000e-03, eta: 0:23:43, time: 0.535, data_time: 0.143, memory: 5860, loss_rpn_cls: 0.0081, loss_rpn_bbox: 0.0211, s0.loss_cls: 0.0887, s0.acc: 96.4717, s0.loss_bbox: 0.1050, s1.loss_cls: 0.0889, s1.acc: 96.2134, s1.loss_bbox: 0.1716, loss: 0.4834, grad_norm: 4.2917
2023-02-24 22:25:35,911 - mmrotate - INFO - Epoch [14][100/155]	lr: 5.000e-03, eta: 0:23:22, time: 0.392, data_time: 0.004, memory: 5860, loss_rpn_cls: 0.0069, loss_rpn_bbox: 0.0189, s0.loss_cls: 0.0868, s0.acc: 96.4092, s0.loss_bbox: 0.0678, s1.loss_cls: 0.0929, s1.acc: 96.0028, s1.loss_bbox: 0.1870, loss: 0.4602, grad_norm: 4.0133
2023-02-24 22:25:53,666 - mmrotate - INFO - Epoch [14][150/155]	lr: 5.000e-03, eta: 0:22:58, time: 0.355, data_time: 0.003, memory: 5860, loss_rpn_cls: 0.0059, loss_rpn_bbox: 0.0189, s0.loss_cls: 0.0875, s0.acc: 96.3721, s0.loss_bbox: 0.0692, s1.loss_cls: 0.0791, s1.acc: 96.7284, s1.loss_bbox: 0.1649, loss: 0.4256, grad_norm: 3.5482
2023-02-24 22:26:21,307 - mmrotate - INFO - Epoch [15][50/155]	lr: 5.000e-03, eta: 0:22:40, time: 0.510, data_time: 0.125, memory: 5860, loss_rpn_cls: 0.0060, loss_rpn_bbox: 0.0177, s0.loss_cls: 0.0764, s0.acc: 96.7529, s0.loss_bbox: 0.0960, s1.loss_cls: 0.0721, s1.acc: 96.8914, s1.loss_bbox: 0.1387, loss: 0.4069, grad_norm: 3.9790
2023-02-24 22:26:39,097 - mmrotate - INFO - Epoch [15][100/155]	lr: 5.000e-03, eta: 0:22:16, time: 0.356, data_time: 0.004, memory: 5860, loss_rpn_cls: 0.0065, loss_rpn_bbox: 0.0215, s0.loss_cls: 0.0803, s0.acc: 96.6572, s0.loss_bbox: 0.0756, s1.loss_cls: 0.0711, s1.acc: 97.0542, s1.loss_bbox: 0.1721, loss: 0.4271, grad_norm: 3.9779
2023-02-24 22:26:56,850 - mmrotate - INFO - Epoch [15][150/155]	lr: 5.000e-03, eta: 0:21:53, time: 0.355, data_time: 0.004, memory: 5860, loss_rpn_cls: 0.0087, loss_rpn_bbox: 0.0239, s0.loss_cls: 0.0950, s0.acc: 96.0850, s0.loss_bbox: 0.2082, s1.loss_cls: 0.0780, s1.acc: 96.7413, s1.loss_bbox: 0.1618, loss: 0.5756, grad_norm: 4.3658
2023-02-24 22:27:24,879 - mmrotate - INFO - Epoch [16][50/155]	lr: 5.000e-03, eta: 0:21:36, time: 0.518, data_time: 0.141, memory: 5861, loss_rpn_cls: 0.0061, loss_rpn_bbox: 0.0187, s0.loss_cls: 0.0792, s0.acc: 96.6689, s0.loss_bbox: 0.0817, s1.loss_cls: 0.0685, s1.acc: 97.1861, s1.loss_bbox: 0.1549, loss: 0.4091, grad_norm: 3.8912
2023-02-24 22:27:42,648 - mmrotate - INFO - Epoch [16][100/155]	lr: 5.000e-03, eta: 0:21:12, time: 0.355, data_time: 0.005, memory: 5861, loss_rpn_cls: 0.0061, loss_rpn_bbox: 0.0193, s0.loss_cls: 0.0752, s0.acc: 96.8770, s0.loss_bbox: 0.0644, s1.loss_cls: 0.0642, s1.acc: 97.3095, s1.loss_bbox: 0.1554, loss: 0.3845, grad_norm: 3.5136
2023-02-24 22:28:00,714 - mmrotate - INFO - Epoch [16][150/155]	lr: 5.000e-03, eta: 0:20:50, time: 0.361, data_time: 0.003, memory: 5861, loss_rpn_cls: 0.0056, loss_rpn_bbox: 0.0167, s0.loss_cls: 0.0845, s0.acc: 96.5088, s0.loss_bbox: 0.0799, s1.loss_cls: 0.0663, s1.acc: 97.2668, s1.loss_bbox: 0.1438, loss: 0.3968, grad_norm: 3.4841
2023-02-24 22:28:28,715 - mmrotate - INFO - Epoch [17][50/155]	lr: 5.000e-03, eta: 0:20:32, time: 0.519, data_time: 0.132, memory: 5861, loss_rpn_cls: 0.0065, loss_rpn_bbox: 0.0192, s0.loss_cls: 0.0834, s0.acc: 96.5801, s0.loss_bbox: 0.1826, s1.loss_cls: 0.0696, s1.acc: 97.0498, s1.loss_bbox: 0.1517, loss: 0.5130, grad_norm: 4.5110
2023-02-24 22:28:46,628 - mmrotate - INFO - Epoch [17][100/155]	lr: 5.000e-03, eta: 0:20:09, time: 0.358, data_time: 0.004, memory: 5861, loss_rpn_cls: 0.0063, loss_rpn_bbox: 0.0175, s0.loss_cls: 0.0700, s0.acc: 97.0801, s0.loss_bbox: 0.0858, s1.loss_cls: 0.0623, s1.acc: 97.3862, s1.loss_bbox: 0.1362, loss: 0.3780, grad_norm: 3.6372
2023-02-24 22:29:04,576 - mmrotate - INFO - Epoch [17][150/155]	lr: 5.000e-03, eta: 0:19:46, time: 0.359, data_time: 0.004, memory: 5861, loss_rpn_cls: 0.0066, loss_rpn_bbox: 0.0167, s0.loss_cls: 0.0917, s0.acc: 96.1914, s0.loss_bbox: 0.0668, s1.loss_cls: 0.0838, s1.acc: 96.5686, s1.loss_bbox: 0.1493, loss: 0.4147, grad_norm: 3.8604
2023-02-24 22:29:32,886 - mmrotate - INFO - Epoch [18][50/155]	lr: 5.000e-03, eta: 0:19:29, time: 0.524, data_time: 0.128, memory: 5861, loss_rpn_cls: 0.0051, loss_rpn_bbox: 0.0158, s0.loss_cls: 0.0634, s0.acc: 97.4365, s0.loss_bbox: 0.0458, s1.loss_cls: 0.0537, s1.acc: 97.7740, s1.loss_bbox: 0.1233, loss: 0.3072, grad_norm: 3.1044
2023-02-24 22:29:50,579 - mmrotate - INFO - Epoch [18][100/155]	lr: 5.000e-03, eta: 0:19:06, time: 0.354, data_time: 0.004, memory: 5861, loss_rpn_cls: 0.0061, loss_rpn_bbox: 0.0172, s0.loss_cls: 0.0755, s0.acc: 96.8486, s0.loss_bbox: 0.0935, s1.loss_cls: 0.0597, s1.acc: 97.4609, s1.loss_bbox: 0.1361, loss: 0.3880, grad_norm: 4.0047
2023-02-24 22:30:07,931 - mmrotate - INFO - Epoch [18][150/155]	lr: 5.000e-03, eta: 0:18:43, time: 0.347, data_time: 0.004, memory: 5861, loss_rpn_cls: 0.0050, loss_rpn_bbox: 0.0185, s0.loss_cls: 0.0840, s0.acc: 96.4814, s0.loss_bbox: 0.0716, s1.loss_cls: 0.0650, s1.acc: 97.2748, s1.loss_bbox: 0.1510, loss: 0.3951, grad_norm: 4.1373
2023-02-24 22:30:35,628 - mmrotate - INFO - Epoch [19][50/155]	lr: 5.000e-03, eta: 0:18:24, time: 0.511, data_time: 0.127, memory: 5861, loss_rpn_cls: 0.0047, loss_rpn_bbox: 0.0187, s0.loss_cls: 0.0693, s0.acc: 97.1172, s0.loss_bbox: 0.1170, s1.loss_cls: 0.0534, s1.acc: 97.7462, s1.loss_bbox: 0.1124, loss: 0.3754, grad_norm: 3.5674
2023-02-24 22:30:53,052 - mmrotate - INFO - Epoch [19][100/155]	lr: 5.000e-03, eta: 0:18:01, time: 0.348, data_time: 0.004, memory: 5861, loss_rpn_cls: 0.0057, loss_rpn_bbox: 0.0147, s0.loss_cls: 0.0741, s0.acc: 96.9561, s0.loss_bbox: 0.0765, s1.loss_cls: 0.0612, s1.acc: 97.4767, s1.loss_bbox: 0.1365, loss: 0.3686, grad_norm: 3.7299
2023-02-24 22:31:10,313 - mmrotate - INFO - Epoch [19][150/155]	lr: 5.000e-03, eta: 0:17:39, time: 0.345, data_time: 0.003, memory: 5861, loss_rpn_cls: 0.0051, loss_rpn_bbox: 0.0157, s0.loss_cls: 0.0727, s0.acc: 97.0352, s0.loss_bbox: 0.0681, s1.loss_cls: 0.0551, s1.acc: 97.6655, s1.loss_bbox: 0.1345, loss: 0.3512, grad_norm: 3.7022
2023-02-24 22:31:37,694 - mmrotate - INFO - Epoch [20][50/155]	lr: 5.000e-03, eta: 0:17:19, time: 0.505, data_time: 0.122, memory: 5861, loss_rpn_cls: 0.0043, loss_rpn_bbox: 0.0106, s0.loss_cls: 0.0620, s0.acc: 97.4668, s0.loss_bbox: 0.0705, s1.loss_cls: 0.0447, s1.acc: 98.0837, s1.loss_bbox: 0.1088, loss: 0.3009, grad_norm: 3.3208
2023-02-24 22:31:55,092 - mmrotate - INFO - Epoch [20][100/155]	lr: 5.000e-03, eta: 0:16:57, time: 0.348, data_time: 0.003, memory: 5861, loss_rpn_cls: 0.0044, loss_rpn_bbox: 0.0153, s0.loss_cls: 0.0648, s0.acc: 97.3369, s0.loss_bbox: 0.0722, s1.loss_cls: 0.0531, s1.acc: 97.7429, s1.loss_bbox: 0.1242, loss: 0.3340, grad_norm: 3.6061
2023-02-24 22:32:12,617 - mmrotate - INFO - Epoch [20][150/155]	lr: 5.000e-03, eta: 0:16:35, time: 0.350, data_time: 0.004, memory: 5861, loss_rpn_cls: 0.0054, loss_rpn_bbox: 0.0177, s0.loss_cls: 0.0684, s0.acc: 97.1875, s0.loss_bbox: 0.0518, s1.loss_cls: 0.0524, s1.acc: 97.8120, s1.loss_bbox: 0.1207, loss: 0.3164, grad_norm: 3.2452
2023-02-24 22:32:40,094 - mmrotate - INFO - Epoch [21][50/155]	lr: 5.000e-03, eta: 0:16:16, time: 0.508, data_time: 0.121, memory: 5861, loss_rpn_cls: 0.0039, loss_rpn_bbox: 0.0129, s0.loss_cls: 0.0644, s0.acc: 97.3291, s0.loss_bbox: 0.0420, s1.loss_cls: 0.0456, s1.acc: 98.0858, s1.loss_bbox: 0.1103, loss: 0.2790, grad_norm: 3.0421
2023-02-24 22:32:57,426 - mmrotate - INFO - Epoch [21][100/155]	lr: 5.000e-03, eta: 0:15:53, time: 0.347, data_time: 0.005, memory: 5861, loss_rpn_cls: 0.0038, loss_rpn_bbox: 0.0145, s0.loss_cls: 0.0611, s0.acc: 97.4316, s0.loss_bbox: 0.0523, s1.loss_cls: 0.0421, s1.acc: 98.2563, s1.loss_bbox: 0.1115, loss: 0.2852, grad_norm: 3.2811
2023-02-24 22:33:14,741 - mmrotate - INFO - Epoch [21][150/155]	lr: 5.000e-03, eta: 0:15:31, time: 0.346, data_time: 0.003, memory: 5861, loss_rpn_cls: 0.0047, loss_rpn_bbox: 0.0169, s0.loss_cls: 0.0716, s0.acc: 97.0605, s0.loss_bbox: 0.0582, s1.loss_cls: 0.0506, s1.acc: 97.9080, s1.loss_bbox: 0.1247, loss: 0.3268, grad_norm: 3.6975
2023-02-24 22:33:42,491 - mmrotate - INFO - Epoch [22][50/155]	lr: 5.000e-03, eta: 0:15:12, time: 0.514, data_time: 0.143, memory: 5861, loss_rpn_cls: 0.0046, loss_rpn_bbox: 0.0145, s0.loss_cls: 0.0666, s0.acc: 97.2217, s0.loss_bbox: 0.0628, s1.loss_cls: 0.0462, s1.acc: 98.0784, s1.loss_bbox: 0.1128, loss: 0.3076, grad_norm: 3.1946
2023-02-24 22:33:59,841 - mmrotate - INFO - Epoch [22][100/155]	lr: 5.000e-03, eta: 0:14:50, time: 0.347, data_time: 0.004, memory: 5861, loss_rpn_cls: 0.0042, loss_rpn_bbox: 0.0120, s0.loss_cls: 0.0652, s0.acc: 97.3350, s0.loss_bbox: 0.0661, s1.loss_cls: 0.0538, s1.acc: 97.6749, s1.loss_bbox: 0.1037, loss: 0.3051, grad_norm: 3.9134
2023-02-24 22:34:17,236 - mmrotate - INFO - Epoch [22][150/155]	lr: 5.000e-03, eta: 0:14:28, time: 0.348, data_time: 0.004, memory: 5861, loss_rpn_cls: 0.0044, loss_rpn_bbox: 0.0188, s0.loss_cls: 0.0593, s0.acc: 97.5898, s0.loss_bbox: 0.0410, s1.loss_cls: 0.0354, s1.acc: 98.5037, s1.loss_bbox: 0.0933, loss: 0.2521, grad_norm: 2.5968
2023-02-24 22:34:44,698 - mmrotate - INFO - Epoch [23][50/155]	lr: 5.000e-03, eta: 0:14:09, time: 0.509, data_time: 0.132, memory: 5861, loss_rpn_cls: 0.0042, loss_rpn_bbox: 0.0154, s0.loss_cls: 0.0639, s0.acc: 97.2793, s0.loss_bbox: 0.0428, s1.loss_cls: 0.0366, s1.acc: 98.4772, s1.loss_bbox: 0.0986, loss: 0.2616, grad_norm: 2.8403
2023-02-24 22:35:02,059 - mmrotate - INFO - Epoch [23][100/155]	lr: 5.000e-03, eta: 0:13:47, time: 0.347, data_time: 0.004, memory: 5861, loss_rpn_cls: 0.0037, loss_rpn_bbox: 0.0108, s0.loss_cls: 0.0552, s0.acc: 97.7529, s0.loss_bbox: 0.0441, s1.loss_cls: 0.0325, s1.acc: 98.6689, s1.loss_bbox: 0.0985, loss: 0.2448, grad_norm: 2.7579
2023-02-24 22:35:19,403 - mmrotate - INFO - Epoch [23][150/155]	lr: 5.000e-03, eta: 0:13:25, time: 0.347, data_time: 0.003, memory: 5861, loss_rpn_cls: 0.0039, loss_rpn_bbox: 0.0118, s0.loss_cls: 0.0535, s0.acc: 97.7744, s0.loss_bbox: 0.0377, s1.loss_cls: 0.0304, s1.acc: 98.7044, s1.loss_bbox: 0.0855, loss: 0.2229, grad_norm: 2.6934
2023-02-24 22:35:46,885 - mmrotate - INFO - Epoch [24][50/155]	lr: 5.000e-03, eta: 0:13:05, time: 0.509, data_time: 0.152, memory: 5861, loss_rpn_cls: 0.0033, loss_rpn_bbox: 0.0135, s0.loss_cls: 0.0520, s0.acc: 97.8252, s0.loss_bbox: 0.0414, s1.loss_cls: 0.0292, s1.acc: 98.7931, s1.loss_bbox: 0.0869, loss: 0.2263, grad_norm: 2.7646
2023-02-24 22:36:04,297 - mmrotate - INFO - Epoch [24][100/155]	lr: 5.000e-03, eta: 0:12:44, time: 0.348, data_time: 0.004, memory: 5861, loss_rpn_cls: 0.0037, loss_rpn_bbox: 0.0115, s0.loss_cls: 0.0535, s0.acc: 97.7539, s0.loss_bbox: 0.0364, s1.loss_cls: 0.0338, s1.acc: 98.5496, s1.loss_bbox: 0.0865, loss: 0.2254, grad_norm: 2.5911
2023-02-24 22:36:21,838 - mmrotate - INFO - Epoch [24][150/155]	lr: 5.000e-03, eta: 0:12:23, time: 0.351, data_time: 0.004, memory: 5861, loss_rpn_cls: 0.0041, loss_rpn_bbox: 0.0122, s0.loss_cls: 0.0601, s0.acc: 97.4375, s0.loss_bbox: 0.0553, s1.loss_cls: 0.0437, s1.acc: 98.1765, s1.loss_bbox: 0.1081, loss: 0.2835, grad_norm: 3.3062
2023-02-24 22:36:23,919 - mmrotate - INFO - Saving checkpoint at 24 epochs
2023-02-24 22:36:48,241 - mmrotate - INFO - 
+-------+------+------+--------+-------+
| class | gts  | dets | recall | ap    |
+-------+------+------+--------+-------+
| ship  | 1228 | 1646 | 0.982  | 0.901 |
+-------+------+------+--------+-------+
| mAP   |      |      |        | 0.901 |
+-------+------+------+--------+-------+
2023-02-24 22:36:50,129 - mmrotate - INFO - 
+-------+------+------+--------+-------+
| class | gts  | dets | recall | ap    |
+-------+------+------+--------+-------+
| ship  | 1228 | 1646 | 0.976  | 0.901 |
+-------+------+------+--------+-------+
| mAP   |      |      |        | 0.901 |
+-------+------+------+--------+-------+
2023-02-24 22:36:52,092 - mmrotate - INFO - 
+-------+------+------+--------+-------+
| class | gts  | dets | recall | ap    |
+-------+------+------+--------+-------+
| ship  | 1228 | 1646 | 0.971  | 0.900 |
+-------+------+------+--------+-------+
| mAP   |      |      |        | 0.900 |
+-------+------+------+--------+-------+
2023-02-24 22:36:54,581 - mmrotate - INFO - 
+-------+------+------+--------+-------+
| class | gts  | dets | recall | ap    |
+-------+------+------+--------+-------+
| ship  | 1228 | 1646 | 0.958  | 0.898 |
+-------+------+------+--------+-------+
| mAP   |      |      |        | 0.898 |
+-------+------+------+--------+-------+
2023-02-24 22:36:56,197 - mmrotate - INFO - 
+-------+------+------+--------+-------+
| class | gts  | dets | recall | ap    |
+-------+------+------+--------+-------+
| ship  | 1228 | 1646 | 0.944  | 0.896 |
+-------+------+------+--------+-------+
| mAP   |      |      |        | 0.896 |
+-------+------+------+--------+-------+
2023-02-24 22:36:57,806 - mmrotate - INFO - 
+-------+------+------+--------+-------+
| class | gts  | dets | recall | ap    |
+-------+------+------+--------+-------+
| ship  | 1228 | 1646 | 0.921  | 0.888 |
+-------+------+------+--------+-------+
| mAP   |      |      |        | 0.888 |
+-------+------+------+--------+-------+
2023-02-24 22:36:59,437 - mmrotate - INFO - 
+-------+------+------+--------+-------+
| class | gts  | dets | recall | ap    |
+-------+------+------+--------+-------+
| ship  | 1228 | 1646 | 0.853  | 0.784 |
+-------+------+------+--------+-------+
| mAP   |      |      |        | 0.784 |
+-------+------+------+--------+-------+
2023-02-24 22:37:01,105 - mmrotate - INFO - 
+-------+------+------+--------+-------+
| class | gts  | dets | recall | ap    |
+-------+------+------+--------+-------+
| ship  | 1228 | 1646 | 0.694  | 0.563 |
+-------+------+------+--------+-------+
| mAP   |      |      |        | 0.563 |
+-------+------+------+--------+-------+
2023-02-24 22:37:02,740 - mmrotate - INFO - 
+-------+------+------+--------+-------+
| class | gts  | dets | recall | ap    |
+-------+------+------+--------+-------+
| ship  | 1228 | 1646 | 0.368  | 0.233 |
+-------+------+------+--------+-------+
| mAP   |      |      |        | 0.233 |
+-------+------+------+--------+-------+
2023-02-24 22:37:04,353 - mmrotate - INFO - 
+-------+------+------+--------+-------+
| class | gts  | dets | recall | ap    |
+-------+------+------+--------+-------+
| ship  | 1228 | 1646 | 0.044  | 0.013 |
+-------+------+------+--------+-------+
| mAP   |      |      |        | 0.013 |
+-------+------+------+--------+-------+
2023-02-24 22:37:04,376 - mmrotate - INFO - Epoch(val) [24][227]	mAP: 0.6977, AP50: 0.9010, AP55: 0.9010, AP60: 0.9000, AP65: 0.8980, AP70: 0.8960, AP75: 0.8880, AP80: 0.7840, AP85: 0.5630, AP90: 0.2330, AP95: 0.0130
2023-02-24 22:37:27,600 - mmrotate - INFO - Epoch [25][50/155]	lr: 5.000e-04, eta: 0:12:02, time: 0.463, data_time: 0.116, memory: 5861, loss_rpn_cls: 0.0033, loss_rpn_bbox: 0.0099, s0.loss_cls: 0.0578, s0.acc: 97.5771, s0.loss_bbox: 0.0350, s1.loss_cls: 0.0368, s1.acc: 98.4572, s1.loss_bbox: 0.0843, loss: 0.2272, grad_norm: 2.6709
2023-02-24 22:37:45,081 - mmrotate - INFO - Epoch [25][100/155]	lr: 5.000e-04, eta: 0:11:41, time: 0.350, data_time: 0.005, memory: 5861, loss_rpn_cls: 0.0037, loss_rpn_bbox: 0.0092, s0.loss_cls: 0.0512, s0.acc: 97.8711, s0.loss_bbox: 0.0268, s1.loss_cls: 0.0318, s1.acc: 98.6908, s1.loss_bbox: 0.0689, loss: 0.1917, grad_norm: 1.9706
2023-02-24 22:38:02,379 - mmrotate - INFO - Epoch [25][150/155]	lr: 5.000e-04, eta: 0:11:19, time: 0.346, data_time: 0.003, memory: 5861, loss_rpn_cls: 0.0029, loss_rpn_bbox: 0.0079, s0.loss_cls: 0.0502, s0.acc: 97.9980, s0.loss_bbox: 0.0312, s1.loss_cls: 0.0275, s1.acc: 98.8694, s1.loss_bbox: 0.0630, loss: 0.1828, grad_norm: 2.0336
2023-02-24 22:38:29,909 - mmrotate - INFO - Epoch [26][50/155]	lr: 5.000e-04, eta: 0:10:59, time: 0.509, data_time: 0.132, memory: 5861, loss_rpn_cls: 0.0027, loss_rpn_bbox: 0.0072, s0.loss_cls: 0.0470, s0.acc: 98.0674, s0.loss_bbox: 0.0319, s1.loss_cls: 0.0268, s1.acc: 98.9142, s1.loss_bbox: 0.0597, loss: 0.1752, grad_norm: 2.0240
2023-02-24 22:38:47,246 - mmrotate - INFO - Epoch [26][100/155]	lr: 5.000e-04, eta: 0:10:38, time: 0.347, data_time: 0.004, memory: 5861, loss_rpn_cls: 0.0035, loss_rpn_bbox: 0.0081, s0.loss_cls: 0.0455, s0.acc: 98.1406, s0.loss_bbox: 0.0230, s1.loss_cls: 0.0239, s1.acc: 99.0361, s1.loss_bbox: 0.0601, loss: 0.1642, grad_norm: 1.7209
2023-02-24 22:39:04,560 - mmrotate - INFO - Epoch [26][150/155]	lr: 5.000e-04, eta: 0:10:17, time: 0.346, data_time: 0.004, memory: 5861, loss_rpn_cls: 0.0031, loss_rpn_bbox: 0.0079, s0.loss_cls: 0.0485, s0.acc: 98.0225, s0.loss_bbox: 0.0269, s1.loss_cls: 0.0281, s1.acc: 98.8364, s1.loss_bbox: 0.0644, loss: 0.1790, grad_norm: 1.8107
2023-02-24 22:39:32,060 - mmrotate - INFO - Epoch [27][50/155]	lr: 5.000e-04, eta: 0:09:57, time: 0.509, data_time: 0.140, memory: 5861, loss_rpn_cls: 0.0032, loss_rpn_bbox: 0.0084, s0.loss_cls: 0.0489, s0.acc: 97.9766, s0.loss_bbox: 0.0282, s1.loss_cls: 0.0255, s1.acc: 98.9233, s1.loss_bbox: 0.0587, loss: 0.1730, grad_norm: 1.9408
2023-02-24 22:39:49,451 - mmrotate - INFO - Epoch [27][100/155]	lr: 5.000e-04, eta: 0:09:36, time: 0.348, data_time: 0.005, memory: 5861, loss_rpn_cls: 0.0021, loss_rpn_bbox: 0.0071, s0.loss_cls: 0.0428, s0.acc: 98.2598, s0.loss_bbox: 0.0225, s1.loss_cls: 0.0231, s1.acc: 99.0581, s1.loss_bbox: 0.0574, loss: 0.1549, grad_norm: 1.8357
2023-02-24 22:40:06,669 - mmrotate - INFO - Epoch [27][150/155]	lr: 5.000e-04, eta: 0:09:15, time: 0.344, data_time: 0.004, memory: 5861, loss_rpn_cls: 0.0026, loss_rpn_bbox: 0.0071, s0.loss_cls: 0.0483, s0.acc: 98.0225, s0.loss_bbox: 0.0262, s1.loss_cls: 0.0273, s1.acc: 98.8588, s1.loss_bbox: 0.0635, loss: 0.1750, grad_norm: 1.8059
2023-02-24 22:40:34,254 - mmrotate - INFO - Epoch [28][50/155]	lr: 5.000e-04, eta: 0:08:54, time: 0.509, data_time: 0.124, memory: 5861, loss_rpn_cls: 0.0028, loss_rpn_bbox: 0.0076, s0.loss_cls: 0.0462, s0.acc: 98.1182, s0.loss_bbox: 0.0257, s1.loss_cls: 0.0260, s1.acc: 98.9398, s1.loss_bbox: 0.0589, loss: 0.1672, grad_norm: 1.7251
2023-02-24 22:40:51,497 - mmrotate - INFO - Epoch [28][100/155]	lr: 5.000e-04, eta: 0:08:34, time: 0.345, data_time: 0.005, memory: 5861, loss_rpn_cls: 0.0029, loss_rpn_bbox: 0.0079, s0.loss_cls: 0.0446, s0.acc: 98.1846, s0.loss_bbox: 0.0219, s1.loss_cls: 0.0231, s1.acc: 99.0635, s1.loss_bbox: 0.0557, loss: 0.1561, grad_norm: 1.7812
2023-02-24 22:41:08,830 - mmrotate - INFO - Epoch [28][150/155]	lr: 5.000e-04, eta: 0:08:13, time: 0.347, data_time: 0.004, memory: 5861, loss_rpn_cls: 0.0025, loss_rpn_bbox: 0.0066, s0.loss_cls: 0.0453, s0.acc: 98.1182, s0.loss_bbox: 0.0246, s1.loss_cls: 0.0239, s1.acc: 98.9661, s1.loss_bbox: 0.0573, loss: 0.1601, grad_norm: 1.6825
2023-02-24 22:41:36,359 - mmrotate - INFO - Epoch [29][50/155]	lr: 5.000e-04, eta: 0:07:52, time: 0.510, data_time: 0.136, memory: 5861, loss_rpn_cls: 0.0024, loss_rpn_bbox: 0.0067, s0.loss_cls: 0.0437, s0.acc: 98.2129, s0.loss_bbox: 0.0244, s1.loss_cls: 0.0239, s1.acc: 99.0188, s1.loss_bbox: 0.0535, loss: 0.1546, grad_norm: 1.6844
2023-02-24 22:41:53,644 - mmrotate - INFO - Epoch [29][100/155]	lr: 5.000e-04, eta: 0:07:32, time: 0.346, data_time: 0.004, memory: 5861, loss_rpn_cls: 0.0026, loss_rpn_bbox: 0.0077, s0.loss_cls: 0.0434, s0.acc: 98.2783, s0.loss_bbox: 0.0228, s1.loss_cls: 0.0233, s1.acc: 99.0403, s1.loss_bbox: 0.0545, loss: 0.1544, grad_norm: 1.6737
2023-02-24 22:42:10,865 - mmrotate - INFO - Epoch [29][150/155]	lr: 5.000e-04, eta: 0:07:11, time: 0.344, data_time: 0.004, memory: 5861, loss_rpn_cls: 0.0026, loss_rpn_bbox: 0.0073, s0.loss_cls: 0.0464, s0.acc: 98.1143, s0.loss_bbox: 0.0224, s1.loss_cls: 0.0231, s1.acc: 99.0295, s1.loss_bbox: 0.0528, loss: 0.1546, grad_norm: 1.6170
2023-02-24 22:42:38,363 - mmrotate - INFO - Epoch [30][50/155]	lr: 5.000e-04, eta: 0:06:50, time: 0.509, data_time: 0.128, memory: 5861, loss_rpn_cls: 0.0028, loss_rpn_bbox: 0.0076, s0.loss_cls: 0.0442, s0.acc: 98.2100, s0.loss_bbox: 0.0220, s1.loss_cls: 0.0256, s1.acc: 98.9179, s1.loss_bbox: 0.0581, loss: 0.1603, grad_norm: 1.6975
2023-02-24 22:42:55,776 - mmrotate - INFO - Epoch [30][100/155]	lr: 5.000e-04, eta: 0:06:30, time: 0.348, data_time: 0.005, memory: 5861, loss_rpn_cls: 0.0020, loss_rpn_bbox: 0.0064, s0.loss_cls: 0.0433, s0.acc: 98.1797, s0.loss_bbox: 0.0220, s1.loss_cls: 0.0214, s1.acc: 99.0984, s1.loss_bbox: 0.0530, loss: 0.1482, grad_norm: 1.5912
2023-02-24 22:43:12,845 - mmrotate - INFO - Epoch [30][150/155]	lr: 5.000e-04, eta: 0:06:10, time: 0.341, data_time: 0.003, memory: 5861, loss_rpn_cls: 0.0025, loss_rpn_bbox: 0.0074, s0.loss_cls: 0.0434, s0.acc: 98.2227, s0.loss_bbox: 0.0233, s1.loss_cls: 0.0224, s1.acc: 99.0545, s1.loss_bbox: 0.0489, loss: 0.1480, grad_norm: 1.6862
2023-02-24 22:43:40,426 - mmrotate - INFO - Epoch [31][50/155]	lr: 5.000e-04, eta: 0:05:49, time: 0.511, data_time: 0.126, memory: 5861, loss_rpn_cls: 0.0023, loss_rpn_bbox: 0.0065, s0.loss_cls: 0.0404, s0.acc: 98.3828, s0.loss_bbox: 0.0215, s1.loss_cls: 0.0216, s1.acc: 99.1097, s1.loss_bbox: 0.0509, loss: 0.1432, grad_norm: 1.5745
2023-02-24 22:43:57,620 - mmrotate - INFO - Epoch [31][100/155]	lr: 5.000e-04, eta: 0:05:28, time: 0.344, data_time: 0.004, memory: 5861, loss_rpn_cls: 0.0026, loss_rpn_bbox: 0.0079, s0.loss_cls: 0.0426, s0.acc: 98.2910, s0.loss_bbox: 0.0215, s1.loss_cls: 0.0221, s1.acc: 99.1047, s1.loss_bbox: 0.0507, loss: 0.1474, grad_norm: 1.5856
2023-02-24 22:44:15,033 - mmrotate - INFO - Epoch [31][150/155]	lr: 5.000e-04, eta: 0:05:08, time: 0.348, data_time: 0.004, memory: 5861, loss_rpn_cls: 0.0025, loss_rpn_bbox: 0.0068, s0.loss_cls: 0.0457, s0.acc: 98.1191, s0.loss_bbox: 0.0242, s1.loss_cls: 0.0236, s1.acc: 99.0621, s1.loss_bbox: 0.0536, loss: 0.1564, grad_norm: 1.6225
2023-02-24 22:44:42,392 - mmrotate - INFO - Epoch [32][50/155]	lr: 5.000e-04, eta: 0:04:47, time: 0.505, data_time: 0.127, memory: 5861, loss_rpn_cls: 0.0028, loss_rpn_bbox: 0.0070, s0.loss_cls: 0.0453, s0.acc: 98.1357, s0.loss_bbox: 0.0230, s1.loss_cls: 0.0211, s1.acc: 99.1136, s1.loss_bbox: 0.0515, loss: 0.1505, grad_norm: 1.5879
2023-02-24 22:44:59,787 - mmrotate - INFO - Epoch [32][100/155]	lr: 5.000e-04, eta: 0:04:27, time: 0.348, data_time: 0.004, memory: 5861, loss_rpn_cls: 0.0024, loss_rpn_bbox: 0.0070, s0.loss_cls: 0.0438, s0.acc: 98.1895, s0.loss_bbox: 0.0222, s1.loss_cls: 0.0235, s1.acc: 99.0004, s1.loss_bbox: 0.0550, loss: 0.1539, grad_norm: 1.6526
2023-02-24 22:45:17,124 - mmrotate - INFO - Epoch [32][150/155]	lr: 5.000e-04, eta: 0:04:07, time: 0.347, data_time: 0.004, memory: 5861, loss_rpn_cls: 0.0022, loss_rpn_bbox: 0.0072, s0.loss_cls: 0.0408, s0.acc: 98.3477, s0.loss_bbox: 0.0213, s1.loss_cls: 0.0225, s1.acc: 99.0569, s1.loss_bbox: 0.0488, loss: 0.1429, grad_norm: 1.5721
2023-02-24 22:45:44,448 - mmrotate - INFO - Epoch [33][50/155]	lr: 5.000e-04, eta: 0:03:45, time: 0.505, data_time: 0.122, memory: 5861, loss_rpn_cls: 0.0027, loss_rpn_bbox: 0.0070, s0.loss_cls: 0.0435, s0.acc: 98.2598, s0.loss_bbox: 0.0226, s1.loss_cls: 0.0224, s1.acc: 99.0536, s1.loss_bbox: 0.0499, loss: 0.1481, grad_norm: 1.6229
2023-02-24 22:46:01,634 - mmrotate - INFO - Epoch [33][100/155]	lr: 5.000e-04, eta: 0:03:25, time: 0.344, data_time: 0.004, memory: 5861, loss_rpn_cls: 0.0025, loss_rpn_bbox: 0.0076, s0.loss_cls: 0.0432, s0.acc: 98.2402, s0.loss_bbox: 0.0220, s1.loss_cls: 0.0215, s1.acc: 99.1103, s1.loss_bbox: 0.0523, loss: 0.1491, grad_norm: 1.7136
2023-02-24 22:46:18,712 - mmrotate - INFO - Epoch [33][150/155]	lr: 5.000e-04, eta: 0:03:05, time: 0.342, data_time: 0.004, memory: 5861, loss_rpn_cls: 0.0023, loss_rpn_bbox: 0.0070, s0.loss_cls: 0.0409, s0.acc: 98.3379, s0.loss_bbox: 0.0207, s1.loss_cls: 0.0203, s1.acc: 99.1508, s1.loss_bbox: 0.0457, loss: 0.1368, grad_norm: 1.5094
2023-02-24 22:46:46,293 - mmrotate - INFO - Epoch [34][50/155]	lr: 5.000e-05, eta: 0:02:44, time: 0.509, data_time: 0.133, memory: 5861, loss_rpn_cls: 0.0021, loss_rpn_bbox: 0.0061, s0.loss_cls: 0.0412, s0.acc: 98.3350, s0.loss_bbox: 0.0210, s1.loss_cls: 0.0211, s1.acc: 99.1208, s1.loss_bbox: 0.0475, loss: 0.1389, grad_norm: 1.5088
2023-02-24 22:47:03,520 - mmrotate - INFO - Epoch [34][100/155]	lr: 5.000e-05, eta: 0:02:24, time: 0.345, data_time: 0.004, memory: 5861, loss_rpn_cls: 0.0019, loss_rpn_bbox: 0.0068, s0.loss_cls: 0.0437, s0.acc: 98.2529, s0.loss_bbox: 0.0227, s1.loss_cls: 0.0204, s1.acc: 99.1424, s1.loss_bbox: 0.0511, loss: 0.1466, grad_norm: 1.6229
2023-02-24 22:47:20,798 - mmrotate - INFO - Epoch [34][150/155]	lr: 5.000e-05, eta: 0:02:04, time: 0.346, data_time: 0.004, memory: 5861, loss_rpn_cls: 0.0031, loss_rpn_bbox: 0.0074, s0.loss_cls: 0.0404, s0.acc: 98.3730, s0.loss_bbox: 0.0204, s1.loss_cls: 0.0197, s1.acc: 99.1437, s1.loss_bbox: 0.0432, loss: 0.1342, grad_norm: 1.4425
2023-02-24 22:47:47,944 - mmrotate - INFO - Epoch [35][50/155]	lr: 5.000e-05, eta: 0:01:42, time: 0.501, data_time: 0.124, memory: 5861, loss_rpn_cls: 0.0022, loss_rpn_bbox: 0.0065, s0.loss_cls: 0.0430, s0.acc: 98.2568, s0.loss_bbox: 0.0217, s1.loss_cls: 0.0209, s1.acc: 99.1708, s1.loss_bbox: 0.0496, loss: 0.1439, grad_norm: 1.5349
2023-02-24 22:48:05,204 - mmrotate - INFO - Epoch [35][100/155]	lr: 5.000e-05, eta: 0:01:22, time: 0.345, data_time: 0.003, memory: 5861, loss_rpn_cls: 0.0023, loss_rpn_bbox: 0.0068, s0.loss_cls: 0.0398, s0.acc: 98.3457, s0.loss_bbox: 0.0192, s1.loss_cls: 0.0193, s1.acc: 99.1938, s1.loss_bbox: 0.0444, loss: 0.1318, grad_norm: 1.5219
2023-02-24 22:48:22,346 - mmrotate - INFO - Epoch [35][150/155]	lr: 5.000e-05, eta: 0:01:03, time: 0.343, data_time: 0.004, memory: 5861, loss_rpn_cls: 0.0022, loss_rpn_bbox: 0.0072, s0.loss_cls: 0.0419, s0.acc: 98.3086, s0.loss_bbox: 0.0221, s1.loss_cls: 0.0220, s1.acc: 99.0650, s1.loss_bbox: 0.0485, loss: 0.1440, grad_norm: 1.5416
2023-02-24 22:48:49,968 - mmrotate - INFO - Epoch [36][50/155]	lr: 5.000e-05, eta: 0:00:41, time: 0.510, data_time: 0.137, memory: 5861, loss_rpn_cls: 0.0022, loss_rpn_bbox: 0.0065, s0.loss_cls: 0.0421, s0.acc: 98.2598, s0.loss_bbox: 0.0216, s1.loss_cls: 0.0209, s1.acc: 99.1142, s1.loss_bbox: 0.0446, loss: 0.1378, grad_norm: 1.4784
2023-02-24 22:49:07,260 - mmrotate - INFO - Epoch [36][100/155]	lr: 5.000e-05, eta: 0:00:21, time: 0.346, data_time: 0.004, memory: 5861, loss_rpn_cls: 0.0021, loss_rpn_bbox: 0.0071, s0.loss_cls: 0.0432, s0.acc: 98.2285, s0.loss_bbox: 0.0219, s1.loss_cls: 0.0203, s1.acc: 99.1366, s1.loss_bbox: 0.0484, loss: 0.1431, grad_norm: 1.5953
2023-02-24 22:49:24,597 - mmrotate - INFO - Epoch [36][150/155]	lr: 5.000e-05, eta: 0:00:01, time: 0.347, data_time: 0.004, memory: 5861, loss_rpn_cls: 0.0018, loss_rpn_bbox: 0.0067, s0.loss_cls: 0.0426, s0.acc: 98.3047, s0.loss_bbox: 0.0212, s1.loss_cls: 0.0205, s1.acc: 99.1109, s1.loss_bbox: 0.0483, loss: 0.1411, grad_norm: 1.5098
2023-02-24 22:49:26,630 - mmrotate - INFO - Saving checkpoint at 36 epochs
2023-02-24 22:49:52,103 - mmrotate - INFO - 
+-------+------+------+--------+-------+
| class | gts  | dets | recall | ap    |
+-------+------+------+--------+-------+
| ship  | 1228 | 1347 | 0.970  | 0.905 |
+-------+------+------+--------+-------+
| mAP   |      |      |        | 0.905 |
+-------+------+------+--------+-------+
2023-02-24 22:49:53,756 - mmrotate - INFO - 
+-------+------+------+--------+-------+
| class | gts  | dets | recall | ap    |
+-------+------+------+--------+-------+
| ship  | 1228 | 1347 | 0.967  | 0.905 |
+-------+------+------+--------+-------+
| mAP   |      |      |        | 0.905 |
+-------+------+------+--------+-------+
2023-02-24 22:49:55,435 - mmrotate - INFO - 
+-------+------+------+--------+-------+
| class | gts  | dets | recall | ap    |
+-------+------+------+--------+-------+
| ship  | 1228 | 1347 | 0.963  | 0.905 |
+-------+------+------+--------+-------+
| mAP   |      |      |        | 0.905 |
+-------+------+------+--------+-------+
2023-02-24 22:49:57,092 - mmrotate - INFO - 
+-------+------+------+--------+-------+
| class | gts  | dets | recall | ap    |
+-------+------+------+--------+-------+
| ship  | 1228 | 1347 | 0.950  | 0.903 |
+-------+------+------+--------+-------+
| mAP   |      |      |        | 0.903 |
+-------+------+------+--------+-------+
2023-02-24 22:49:58,741 - mmrotate - INFO - 
+-------+------+------+--------+-------+
| class | gts  | dets | recall | ap    |
+-------+------+------+--------+-------+
| ship  | 1228 | 1347 | 0.932  | 0.902 |
+-------+------+------+--------+-------+
| mAP   |      |      |        | 0.902 |
+-------+------+------+--------+-------+
2023-02-24 22:50:00,337 - mmrotate - INFO - 
+-------+------+------+--------+-------+
| class | gts  | dets | recall | ap    |
+-------+------+------+--------+-------+
| ship  | 1228 | 1347 | 0.918  | 0.898 |
+-------+------+------+--------+-------+
| mAP   |      |      |        | 0.898 |
+-------+------+------+--------+-------+
2023-02-24 22:50:01,920 - mmrotate - INFO - 
+-------+------+------+--------+-------+
| class | gts  | dets | recall | ap    |
+-------+------+------+--------+-------+
| ship  | 1228 | 1347 | 0.869  | 0.807 |
+-------+------+------+--------+-------+
| mAP   |      |      |        | 0.807 |
+-------+------+------+--------+-------+
2023-02-24 22:50:03,522 - mmrotate - INFO - 
+-------+------+------+--------+-------+
| class | gts  | dets | recall | ap    |
+-------+------+------+--------+-------+
| ship  | 1228 | 1347 | 0.760  | 0.684 |
+-------+------+------+--------+-------+
| mAP   |      |      |        | 0.684 |
+-------+------+------+--------+-------+
2023-02-24 22:50:05,141 - mmrotate - INFO - 
+-------+------+------+--------+-------+
| class | gts  | dets | recall | ap    |
+-------+------+------+--------+-------+
| ship  | 1228 | 1347 | 0.498  | 0.361 |
+-------+------+------+--------+-------+
| mAP   |      |      |        | 0.361 |
+-------+------+------+--------+-------+
2023-02-24 22:50:06,770 - mmrotate - INFO - 
+-------+------+------+--------+-------+
| class | gts  | dets | recall | ap    |
+-------+------+------+--------+-------+
| ship  | 1228 | 1347 | 0.091  | 0.091 |
+-------+------+------+--------+-------+
| mAP   |      |      |        | 0.091 |
+-------+------+------+--------+-------+
2023-02-24 22:50:06,800 - mmrotate - INFO - Epoch(val) [36][227]	mAP: 0.7361, AP50: 0.9050, AP55: 0.9050, AP60: 0.9050, AP65: 0.9030, AP70: 0.9020, AP75: 0.8980, AP80: 0.8070, AP85: 0.6840, AP90: 0.3610, AP95: 0.0910
